  AboutWindowContent.cpp
\\vmware-host\shared folders\myomapper\myo mapper\source\aboutwindowcontent.cpp(71): warning C4244: 'argument': conversion from 'double' to 'int', possible loss of data
  HelpWindow.cpp
\\vmware-host\shared folders\myomapper\myo mapper\source\helpwindow.cpp(28): warning C4244: 'initializing': conversion from 'double' to 'int', possible loss of data
\\vmware-host\shared folders\myomapper\myo mapper\source\helpwindow.cpp(31): warning C4244: 'argument': conversion from 'double' to 'int', possible loss of data
  AboutWindow.cpp
\\vmware-host\shared folders\myomapper\myo mapper\source\aboutwindow.cpp(15): warning C4100: 'g': unreferenced formal parameter
  OSC.cpp
  Settings.cpp
\\vmware-host\shared folders\myomapper\myo mapper\source\settings.cpp(64): warning C4244: 'argument': conversion from 'int' to 'float', possible loss of data
\\vmware-host\shared folders\myomapper\myo mapper\source\settings.cpp(67): warning C4244: 'argument': conversion from 'double' to 'float', possible loss of data
\\vmware-host\shared folders\myomapper\myo mapper\source\settings.cpp(67): warning C4244: 'argument': conversion from 'int' to 'float', possible loss of data
\\vmware-host\shared folders\myomapper\myo mapper\source\settings.cpp(70): warning C4244: 'argument': conversion from 'double' to 'float', possible loss of data
\\vmware-host\shared folders\myomapper\myo mapper\source\settings.cpp(76): warning C4244: 'argument': conversion from 'double' to 'int', possible loss of data
\\vmware-host\shared folders\myomapper\myo mapper\source\settings.cpp(77): warning C4244: 'argument': conversion from 'double' to 'int', possible loss of data
\\vmware-host\shared folders\myomapper\myo mapper\source\settings.cpp(78): warning C4244: 'argument': conversion from 'double' to 'int', possible loss of data
\\vmware-host\shared folders\myomapper\myo mapper\source\settings.cpp(80): warning C4244: 'argument': conversion from 'double' to 'int', possible loss of data
\\vmware-host\shared folders\myomapper\myo mapper\source\settings.cpp(83): warning C4244: 'argument': conversion from 'double' to 'int', possible loss of data
\\vmware-host\shared folders\myomapper\myo mapper\source\settings.cpp(91): warning C4244: '=': conversion from 'double' to 'int', possible loss of data
\\vmware-host\shared folders\myomapper\myo mapper\source\settings.cpp(97): warning C4244: '=': conversion from 'double' to 'int', possible loss of data
  Pose.cpp
\\vmware-host\shared folders\myomapper\myo mapper\source\pose.cpp(18): warning C4244: 'argument': conversion from 'int' to 'float', possible loss of data
\\vmware-host\shared folders\myomapper\myo mapper\source\pose.cpp(21): warning C4244: 'argument': conversion from 'int' to 'float', possible loss of data
\\vmware-host\shared folders\myomapper\myo mapper\source\pose.cpp(21): warning C4244: 'argument': conversion from 'double' to 'float', possible loss of data
\\vmware-host\shared folders\myomapper\myo mapper\source\pose.cpp(24): warning C4244: 'argument': conversion from 'double' to 'float', possible loss of data
\\vmware-host\shared folders\myomapper\myo mapper\source\pose.cpp(31): warning C4244: 'argument': conversion from 'double' to 'float', possible loss of data
\\vmware-host\shared folders\myomapper\myo mapper\source\pose.cpp(32): warning C4244: 'argument': conversion from 'double' to 'int', possible loss of data
  Main.cpp
c:\program files (x86)\microsoft visual studio 14.0\vc\include\myo\cxx\devicelistener.hpp(65): warning C4100: 'firmwareVersion': unreferenced formal parameter
c:\program files (x86)\microsoft visual studio 14.0\vc\include\myo\cxx\devicelistener.hpp(65): warning C4100: 'timestamp': unreferenced formal parameter
c:\program files (x86)\microsoft visual studio 14.0\vc\include\myo\cxx\devicelistener.hpp(65): warning C4100: 'myo': unreferenced formal parameter
c:\program files (x86)\microsoft visual studio 14.0\vc\include\myo\cxx\devicelistener.hpp(72): warning C4100: 'timestamp': unreferenced formal parameter
c:\program files (x86)\microsoft visual studio 14.0\vc\include\myo\cxx\devicelistener.hpp(72): warning C4100: 'myo': unreferenced formal parameter
c:\program files (x86)\microsoft visual studio 14.0\vc\include\myo\cxx\devicelistener.hpp(80): warning C4100: 'firmwareVersion': unreferenced formal parameter
c:\program files (x86)\microsoft visual studio 14.0\vc\include\myo\cxx\devicelistener.hpp(80): warning C4100: 'timestamp': unreferenced formal parameter
c:\program files (x86)\microsoft visual studio 14.0\vc\include\myo\cxx\devicelistener.hpp(80): warning C4100: 'myo': unreferenced formal parameter
c:\program files (x86)\microsoft visual studio 14.0\vc\include\myo\cxx\devicelistener.hpp(87): warning C4100: 'timestamp': unreferenced formal parameter
c:\program files (x86)\microsoft visual studio 14.0\vc\include\myo\cxx\devicelistener.hpp(87): warning C4100: 'myo': unreferenced formal parameter
c:\program files (x86)\microsoft visual studio 14.0\vc\include\myo\cxx\devicelistener.hpp(100): warning C4100: 'warmupState': unreferenced formal parameter
c:\program files (x86)\microsoft visual studio 14.0\vc\include\myo\cxx\devicelistener.hpp(99): warning C4100: 'rotation': unreferenced formal parameter
c:\program files (x86)\microsoft visual studio 14.0\vc\include\myo\cxx\devicelistener.hpp(99): warning C4100: 'xDirection': unreferenced formal parameter
c:\program files (x86)\microsoft visual studio 14.0\vc\include\myo\cxx\devicelistener.hpp(99): warning C4100: 'arm': unreferenced formal parameter
c:\program files (x86)\microsoft visual studio 14.0\vc\include\myo\cxx\devicelistener.hpp(99): warning C4100: 'timestamp': unreferenced formal parameter
c:\program files (x86)\microsoft visual studio 14.0\vc\include\myo\cxx\devicelistener.hpp(99): warning C4100: 'myo': unreferenced formal parameter
c:\program files (x86)\microsoft visual studio 14.0\vc\include\myo\cxx\devicelistener.hpp(107): warning C4100: 'timestamp': unreferenced formal parameter
c:\program files (x86)\microsoft visual studio 14.0\vc\include\myo\cxx\devicelistener.hpp(107): warning C4100: 'myo': unreferenced formal parameter
c:\program files (x86)\microsoft visual studio 14.0\vc\include\myo\cxx\devicelistener.hpp(114): warning C4100: 'timestamp': unreferenced formal parameter
c:\program files (x86)\microsoft visual studio 14.0\vc\include\myo\cxx\devicelistener.hpp(114): warning C4100: 'myo': unreferenced formal parameter
c:\program files (x86)\microsoft visual studio 14.0\vc\include\myo\cxx\devicelistener.hpp(121): warning C4100: 'timestamp': unreferenced formal parameter
c:\program files (x86)\microsoft visual studio 14.0\vc\include\myo\cxx\devicelistener.hpp(121): warning C4100: 'myo': unreferenced formal parameter
c:\program files (x86)\microsoft visual studio 14.0\vc\include\myo\cxx\devicelistener.hpp(129): warning C4100: 'pose': unreferenced formal parameter
c:\program files (x86)\microsoft visual studio 14.0\vc\include\myo\cxx\devicelistener.hpp(129): warning C4100: 'timestamp': unreferenced formal parameter
c:\program files (x86)\microsoft visual studio 14.0\vc\include\myo\cxx\devicelistener.hpp(129): warning C4100: 'myo': unreferenced formal parameter
c:\program files (x86)\microsoft visual studio 14.0\vc\include\myo\cxx\devicelistener.hpp(137): warning C4100: 'rotation': unreferenced formal parameter
c:\program files (x86)\microsoft visual studio 14.0\vc\include\myo\cxx\devicelistener.hpp(137): warning C4100: 'timestamp': unreferenced formal parameter
c:\program files (x86)\microsoft visual studio 14.0\vc\include\myo\cxx\devicelistener.hpp(137): warning C4100: 'myo': unreferenced formal parameter
c:\program files (x86)\microsoft visual studio 14.0\vc\include\myo\cxx\devicelistener.hpp(145): warning C4100: 'accel': unreferenced formal parameter
c:\program files (x86)\microsoft visual studio 14.0\vc\include\myo\cxx\devicelistener.hpp(145): warning C4100: 'timestamp': unreferenced formal parameter
c:\program files (x86)\microsoft visual studio 14.0\vc\include\myo\cxx\devicelistener.hpp(145): warning C4100: 'myo': unreferenced formal parameter
c:\program files (x86)\microsoft visual studio 14.0\vc\include\myo\cxx\devicelistener.hpp(153): warning C4100: 'gyro': unreferenced formal parameter
c:\program files (x86)\microsoft visual studio 14.0\vc\include\myo\cxx\devicelistener.hpp(153): warning C4100: 'timestamp': unreferenced formal parameter
c:\program files (x86)\microsoft visual studio 14.0\vc\include\myo\cxx\devicelistener.hpp(153): warning C4100: 'myo': unreferenced formal parameter
c:\program files (x86)\microsoft visual studio 14.0\vc\include\myo\cxx\devicelistener.hpp(162): warning C4100: 'rssi': unreferenced formal parameter
c:\program files (x86)\microsoft visual studio 14.0\vc\include\myo\cxx\devicelistener.hpp(162): warning C4100: 'timestamp': unreferenced formal parameter
c:\program files (x86)\microsoft visual studio 14.0\vc\include\myo\cxx\devicelistener.hpp(162): warning C4100: 'myo': unreferenced formal parameter
c:\program files (x86)\microsoft visual studio 14.0\vc\include\myo\cxx\devicelistener.hpp(172): warning C4100: 'level': unreferenced formal parameter
c:\program files (x86)\microsoft visual studio 14.0\vc\include\myo\cxx\devicelistener.hpp(172): warning C4100: 'timestamp': unreferenced formal parameter
c:\program files (x86)\microsoft visual studio 14.0\vc\include\myo\cxx\devicelistener.hpp(172): warning C4100: 'myo': unreferenced formal parameter
c:\program files (x86)\microsoft visual studio 14.0\vc\include\myo\cxx\devicelistener.hpp(180): warning C4100: 'emg': unreferenced formal parameter
c:\program files (x86)\microsoft visual studio 14.0\vc\include\myo\cxx\devicelistener.hpp(180): warning C4100: 'timestamp': unreferenced formal parameter
c:\program files (x86)\microsoft visual studio 14.0\vc\include\myo\cxx\devicelistener.hpp(180): warning C4100: 'myo': unreferenced formal parameter
c:\program files (x86)\microsoft visual studio 14.0\vc\include\myo\cxx\devicelistener.hpp(188): warning C4100: 'warmupResult': unreferenced formal parameter
c:\program files (x86)\microsoft visual studio 14.0\vc\include\myo\cxx\devicelistener.hpp(188): warning C4100: 'timestamp': unreferenced formal parameter
c:\program files (x86)\microsoft visual studio 14.0\vc\include\myo\cxx\devicelistener.hpp(188): warning C4100: 'myo': unreferenced formal parameter
c:\program files (x86)\microsoft visual studio 14.0\vc\include\myo\cxx\devicelistener.hpp(192): warning C4100: 'event': unreferenced formal parameter
c:\program files (x86)\microsoft visual studio 14.0\vc\include\myo\cxx\detail\throwonerror.hpp(39): warning C4297: 'myo::ThrowOnError::~ThrowOnError': function assumed not to throw an exception but does
  c:\program files (x86)\microsoft visual studio 14.0\vc\include\myo\cxx\detail\throwonerror.hpp(39): note: destructor or deallocator has a (possibly implicit) non-throwing exception specification
c:\program files (x86)\microsoft visual studio 14.0\vc\include\myo\cxx\detail\throwonerror.hpp(45): warning C4297: 'myo::ThrowOnError::~ThrowOnError': function assumed not to throw an exception but does
  c:\program files (x86)\microsoft visual studio 14.0\vc\include\myo\cxx\detail\throwonerror.hpp(45): note: destructor or deallocator has a (possibly implicit) non-throwing exception specification
\\vmware-host\shared folders\myomapper\myo mapper\source\main.cpp(13): warning C4100: 'commandLine': unreferenced formal parameter
\\vmware-host\shared folders\myomapper\myo mapper\source\main.cpp(29): warning C4100: 'commandLine': unreferenced formal parameter
\\vmware-host\shared folders\myomapper\myo mapper\source\main.cpp(43): warning C4244: 'argument': conversion from 'double' to 'int', possible loss of data
\\vmware-host\shared folders\myomapper\myo mapper\source\main.cpp(46): warning C4244: 'argument': conversion from 'double' to 'int', possible loss of data
  MainComponent.cpp
c:\program files (x86)\microsoft visual studio 14.0\vc\include\myo\cxx\devicelistener.hpp(65): warning C4100: 'firmwareVersion': unreferenced formal parameter
c:\program files (x86)\microsoft visual studio 14.0\vc\include\myo\cxx\devicelistener.hpp(65): warning C4100: 'timestamp': unreferenced formal parameter
c:\program files (x86)\microsoft visual studio 14.0\vc\include\myo\cxx\devicelistener.hpp(65): warning C4100: 'myo': unreferenced formal parameter
c:\program files (x86)\microsoft visual studio 14.0\vc\include\myo\cxx\devicelistener.hpp(72): warning C4100: 'timestamp': unreferenced formal parameter
c:\program files (x86)\microsoft visual studio 14.0\vc\include\myo\cxx\devicelistener.hpp(72): warning C4100: 'myo': unreferenced formal parameter
c:\program files (x86)\microsoft visual studio 14.0\vc\include\myo\cxx\devicelistener.hpp(80): warning C4100: 'firmwareVersion': unreferenced formal parameter
c:\program files (x86)\microsoft visual studio 14.0\vc\include\myo\cxx\devicelistener.hpp(80): warning C4100: 'timestamp': unreferenced formal parameter
c:\program files (x86)\microsoft visual studio 14.0\vc\include\myo\cxx\devicelistener.hpp(80): warning C4100: 'myo': unreferenced formal parameter
c:\program files (x86)\microsoft visual studio 14.0\vc\include\myo\cxx\devicelistener.hpp(87): warning C4100: 'timestamp': unreferenced formal parameter
c:\program files (x86)\microsoft visual studio 14.0\vc\include\myo\cxx\devicelistener.hpp(87): warning C4100: 'myo': unreferenced formal parameter
c:\program files (x86)\microsoft visual studio 14.0\vc\include\myo\cxx\devicelistener.hpp(100): warning C4100: 'warmupState': unreferenced formal parameter
c:\program files (x86)\microsoft visual studio 14.0\vc\include\myo\cxx\devicelistener.hpp(99): warning C4100: 'rotation': unreferenced formal parameter
c:\program files (x86)\microsoft visual studio 14.0\vc\include\myo\cxx\devicelistener.hpp(99): warning C4100: 'xDirection': unreferenced formal parameter
c:\program files (x86)\microsoft visual studio 14.0\vc\include\myo\cxx\devicelistener.hpp(99): warning C4100: 'arm': unreferenced formal parameter
c:\program files (x86)\microsoft visual studio 14.0\vc\include\myo\cxx\devicelistener.hpp(99): warning C4100: 'timestamp': unreferenced formal parameter
c:\program files (x86)\microsoft visual studio 14.0\vc\include\myo\cxx\devicelistener.hpp(99): warning C4100: 'myo': unreferenced formal parameter
c:\program files (x86)\microsoft visual studio 14.0\vc\include\myo\cxx\devicelistener.hpp(107): warning C4100: 'timestamp': unreferenced formal parameter
c:\program files (x86)\microsoft visual studio 14.0\vc\include\myo\cxx\devicelistener.hpp(107): warning C4100: 'myo': unreferenced formal parameter
c:\program files (x86)\microsoft visual studio 14.0\vc\include\myo\cxx\devicelistener.hpp(114): warning C4100: 'timestamp': unreferenced formal parameter
c:\program files (x86)\microsoft visual studio 14.0\vc\include\myo\cxx\devicelistener.hpp(114): warning C4100: 'myo': unreferenced formal parameter
c:\program files (x86)\microsoft visual studio 14.0\vc\include\myo\cxx\devicelistener.hpp(121): warning C4100: 'timestamp': unreferenced formal parameter
c:\program files (x86)\microsoft visual studio 14.0\vc\include\myo\cxx\devicelistener.hpp(121): warning C4100: 'myo': unreferenced formal parameter
c:\program files (x86)\microsoft visual studio 14.0\vc\include\myo\cxx\devicelistener.hpp(129): warning C4100: 'pose': unreferenced formal parameter
c:\program files (x86)\microsoft visual studio 14.0\vc\include\myo\cxx\devicelistener.hpp(129): warning C4100: 'timestamp': unreferenced formal parameter
c:\program files (x86)\microsoft visual studio 14.0\vc\include\myo\cxx\devicelistener.hpp(129): warning C4100: 'myo': unreferenced formal parameter
c:\program files (x86)\microsoft visual studio 14.0\vc\include\myo\cxx\devicelistener.hpp(137): warning C4100: 'rotation': unreferenced formal parameter
c:\program files (x86)\microsoft visual studio 14.0\vc\include\myo\cxx\devicelistener.hpp(137): warning C4100: 'timestamp': unreferenced formal parameter
c:\program files (x86)\microsoft visual studio 14.0\vc\include\myo\cxx\devicelistener.hpp(137): warning C4100: 'myo': unreferenced formal parameter
c:\program files (x86)\microsoft visual studio 14.0\vc\include\myo\cxx\devicelistener.hpp(145): warning C4100: 'accel': unreferenced formal parameter
c:\program files (x86)\microsoft visual studio 14.0\vc\include\myo\cxx\devicelistener.hpp(145): warning C4100: 'timestamp': unreferenced formal parameter
c:\program files (x86)\microsoft visual studio 14.0\vc\include\myo\cxx\devicelistener.hpp(145): warning C4100: 'myo': unreferenced formal parameter
c:\program files (x86)\microsoft visual studio 14.0\vc\include\myo\cxx\devicelistener.hpp(153): warning C4100: 'gyro': unreferenced formal parameter
c:\program files (x86)\microsoft visual studio 14.0\vc\include\myo\cxx\devicelistener.hpp(153): warning C4100: 'timestamp': unreferenced formal parameter
c:\program files (x86)\microsoft visual studio 14.0\vc\include\myo\cxx\devicelistener.hpp(153): warning C4100: 'myo': unreferenced formal parameter
c:\program files (x86)\microsoft visual studio 14.0\vc\include\myo\cxx\devicelistener.hpp(162): warning C4100: 'rssi': unreferenced formal parameter
c:\program files (x86)\microsoft visual studio 14.0\vc\include\myo\cxx\devicelistener.hpp(162): warning C4100: 'timestamp': unreferenced formal parameter
c:\program files (x86)\microsoft visual studio 14.0\vc\include\myo\cxx\devicelistener.hpp(162): warning C4100: 'myo': unreferenced formal parameter
c:\program files (x86)\microsoft visual studio 14.0\vc\include\myo\cxx\devicelistener.hpp(172): warning C4100: 'level': unreferenced formal parameter
c:\program files (x86)\microsoft visual studio 14.0\vc\include\myo\cxx\devicelistener.hpp(172): warning C4100: 'timestamp': unreferenced formal parameter
c:\program files (x86)\microsoft visual studio 14.0\vc\include\myo\cxx\devicelistener.hpp(172): warning C4100: 'myo': unreferenced formal parameter
c:\program files (x86)\microsoft visual studio 14.0\vc\include\myo\cxx\devicelistener.hpp(180): warning C4100: 'emg': unreferenced formal parameter
c:\program files (x86)\microsoft visual studio 14.0\vc\include\myo\cxx\devicelistener.hpp(180): warning C4100: 'timestamp': unreferenced formal parameter
c:\program files (x86)\microsoft visual studio 14.0\vc\include\myo\cxx\devicelistener.hpp(180): warning C4100: 'myo': unreferenced formal parameter
c:\program files (x86)\microsoft visual studio 14.0\vc\include\myo\cxx\devicelistener.hpp(188): warning C4100: 'warmupResult': unreferenced formal parameter
c:\program files (x86)\microsoft visual studio 14.0\vc\include\myo\cxx\devicelistener.hpp(188): warning C4100: 'timestamp': unreferenced formal parameter
c:\program files (x86)\microsoft visual studio 14.0\vc\include\myo\cxx\devicelistener.hpp(188): warning C4100: 'myo': unreferenced formal parameter
c:\program files (x86)\microsoft visual studio 14.0\vc\include\myo\cxx\devicelistener.hpp(192): warning C4100: 'event': unreferenced formal parameter
c:\program files (x86)\microsoft visual studio 14.0\vc\include\myo\cxx\detail\throwonerror.hpp(39): warning C4297: 'myo::ThrowOnError::~ThrowOnError': function assumed not to throw an exception but does
  c:\program files (x86)\microsoft visual studio 14.0\vc\include\myo\cxx\detail\throwonerror.hpp(39): note: destructor or deallocator has a (possibly implicit) non-throwing exception specification
c:\program files (x86)\microsoft visual studio 14.0\vc\include\myo\cxx\detail\throwonerror.hpp(45): warning C4297: 'myo::ThrowOnError::~ThrowOnError': function assumed not to throw an exception but does
  c:\program files (x86)\microsoft visual studio 14.0\vc\include\myo\cxx\detail\throwonerror.hpp(45): note: destructor or deallocator has a (possibly implicit) non-throwing exception specification
\\vmware-host\shared folders\myomapper\myo mapper\source\maincomponent.cpp(23): warning C4244: 'argument': conversion from 'double' to 'int', possible loss of data
\\vmware-host\shared folders\myomapper\myo mapper\source\maincomponent.cpp(77): warning C4244: 'argument': conversion from 'double' to 'int', possible loss of data
\\vmware-host\shared folders\myomapper\myo mapper\source\maincomponent.cpp(81): warning C4244: 'argument': conversion from 'double' to 'int', possible loss of data
\\vmware-host\shared folders\myomapper\myo mapper\source\maincomponent.cpp(85): warning C4244: 'argument': conversion from 'double' to 'int', possible loss of data
\\vmware-host\shared folders\myomapper\myo mapper\source\maincomponent.cpp(87): warning C4244: 'argument': conversion from 'double' to 'int', possible loss of data
\\vmware-host\shared folders\myomapper\myo mapper\source\maincomponent.cpp(98): warning C4244: 'argument': conversion from 'double' to 'int', possible loss of data
\\vmware-host\shared folders\myomapper\myo mapper\source\maincomponent.cpp(102): warning C4244: 'argument': conversion from 'double' to 'int', possible loss of data
\\vmware-host\shared folders\myomapper\myo mapper\source\maincomponent.cpp(106): warning C4244: 'argument': conversion from 'double' to 'int', possible loss of data
\\vmware-host\shared folders\myomapper\myo mapper\source\maincomponent.cpp(108): warning C4244: 'argument': conversion from 'double' to 'int', possible loss of data
\\vmware-host\shared folders\myomapper\myo mapper\source\maincomponent.cpp(121): warning C4018: '>=': signed/unsigned mismatch
\\vmware-host\shared folders\myomapper\myo mapper\source\maincomponent.cpp(123): warning C4244: 'initializing': conversion from 'int' to 'juce::uint8', possible loss of data
\\vmware-host\shared folders\myomapper\myo mapper\source\maincomponent.cpp(174): warning C4100: 'index': unreferenced formal parameter
\\vmware-host\shared folders\myomapper\myo mapper\source\maincomponent.cpp(185): warning C4100: 'index': unreferenced formal parameter
  MyoManager.cpp
c:\program files (x86)\microsoft visual studio 14.0\vc\include\myo\cxx\devicelistener.hpp(65): warning C4100: 'firmwareVersion': unreferenced formal parameter
c:\program files (x86)\microsoft visual studio 14.0\vc\include\myo\cxx\devicelistener.hpp(65): warning C4100: 'timestamp': unreferenced formal parameter
c:\program files (x86)\microsoft visual studio 14.0\vc\include\myo\cxx\devicelistener.hpp(65): warning C4100: 'myo': unreferenced formal parameter
c:\program files (x86)\microsoft visual studio 14.0\vc\include\myo\cxx\devicelistener.hpp(72): warning C4100: 'timestamp': unreferenced formal parameter
c:\program files (x86)\microsoft visual studio 14.0\vc\include\myo\cxx\devicelistener.hpp(72): warning C4100: 'myo': unreferenced formal parameter
c:\program files (x86)\microsoft visual studio 14.0\vc\include\myo\cxx\devicelistener.hpp(80): warning C4100: 'firmwareVersion': unreferenced formal parameter
c:\program files (x86)\microsoft visual studio 14.0\vc\include\myo\cxx\devicelistener.hpp(80): warning C4100: 'timestamp': unreferenced formal parameter
c:\program files (x86)\microsoft visual studio 14.0\vc\include\myo\cxx\devicelistener.hpp(80): warning C4100: 'myo': unreferenced formal parameter
c:\program files (x86)\microsoft visual studio 14.0\vc\include\myo\cxx\devicelistener.hpp(87): warning C4100: 'timestamp': unreferenced formal parameter
c:\program files (x86)\microsoft visual studio 14.0\vc\include\myo\cxx\devicelistener.hpp(87): warning C4100: 'myo': unreferenced formal parameter
c:\program files (x86)\microsoft visual studio 14.0\vc\include\myo\cxx\devicelistener.hpp(100): warning C4100: 'warmupState': unreferenced formal parameter
c:\program files (x86)\microsoft visual studio 14.0\vc\include\myo\cxx\devicelistener.hpp(99): warning C4100: 'rotation': unreferenced formal parameter
c:\program files (x86)\microsoft visual studio 14.0\vc\include\myo\cxx\devicelistener.hpp(99): warning C4100: 'xDirection': unreferenced formal parameter
c:\program files (x86)\microsoft visual studio 14.0\vc\include\myo\cxx\devicelistener.hpp(99): warning C4100: 'arm': unreferenced formal parameter
c:\program files (x86)\microsoft visual studio 14.0\vc\include\myo\cxx\devicelistener.hpp(99): warning C4100: 'timestamp': unreferenced formal parameter
c:\program files (x86)\microsoft visual studio 14.0\vc\include\myo\cxx\devicelistener.hpp(99): warning C4100: 'myo': unreferenced formal parameter
c:\program files (x86)\microsoft visual studio 14.0\vc\include\myo\cxx\devicelistener.hpp(107): warning C4100: 'timestamp': unreferenced formal parameter
c:\program files (x86)\microsoft visual studio 14.0\vc\include\myo\cxx\devicelistener.hpp(107): warning C4100: 'myo': unreferenced formal parameter
c:\program files (x86)\microsoft visual studio 14.0\vc\include\myo\cxx\devicelistener.hpp(114): warning C4100: 'timestamp': unreferenced formal parameter
c:\program files (x86)\microsoft visual studio 14.0\vc\include\myo\cxx\devicelistener.hpp(114): warning C4100: 'myo': unreferenced formal parameter
c:\program files (x86)\microsoft visual studio 14.0\vc\include\myo\cxx\devicelistener.hpp(121): warning C4100: 'timestamp': unreferenced formal parameter
c:\program files (x86)\microsoft visual studio 14.0\vc\include\myo\cxx\devicelistener.hpp(121): warning C4100: 'myo': unreferenced formal parameter
c:\program files (x86)\microsoft visual studio 14.0\vc\include\myo\cxx\devicelistener.hpp(129): warning C4100: 'pose': unreferenced formal parameter
c:\program files (x86)\microsoft visual studio 14.0\vc\include\myo\cxx\devicelistener.hpp(129): warning C4100: 'timestamp': unreferenced formal parameter
c:\program files (x86)\microsoft visual studio 14.0\vc\include\myo\cxx\devicelistener.hpp(129): warning C4100: 'myo': unreferenced formal parameter
c:\program files (x86)\microsoft visual studio 14.0\vc\include\myo\cxx\devicelistener.hpp(137): warning C4100: 'rotation': unreferenced formal parameter
c:\program files (x86)\microsoft visual studio 14.0\vc\include\myo\cxx\devicelistener.hpp(137): warning C4100: 'timestamp': unreferenced formal parameter
c:\program files (x86)\microsoft visual studio 14.0\vc\include\myo\cxx\devicelistener.hpp(137): warning C4100: 'myo': unreferenced formal parameter
c:\program files (x86)\microsoft visual studio 14.0\vc\include\myo\cxx\devicelistener.hpp(145): warning C4100: 'accel': unreferenced formal parameter
c:\program files (x86)\microsoft visual studio 14.0\vc\include\myo\cxx\devicelistener.hpp(145): warning C4100: 'timestamp': unreferenced formal parameter
c:\program files (x86)\microsoft visual studio 14.0\vc\include\myo\cxx\devicelistener.hpp(145): warning C4100: 'myo': unreferenced formal parameter
c:\program files (x86)\microsoft visual studio 14.0\vc\include\myo\cxx\devicelistener.hpp(153): warning C4100: 'gyro': unreferenced formal parameter
c:\program files (x86)\microsoft visual studio 14.0\vc\include\myo\cxx\devicelistener.hpp(153): warning C4100: 'timestamp': unreferenced formal parameter
c:\program files (x86)\microsoft visual studio 14.0\vc\include\myo\cxx\devicelistener.hpp(153): warning C4100: 'myo': unreferenced formal parameter
c:\program files (x86)\microsoft visual studio 14.0\vc\include\myo\cxx\devicelistener.hpp(162): warning C4100: 'rssi': unreferenced formal parameter
c:\program files (x86)\microsoft visual studio 14.0\vc\include\myo\cxx\devicelistener.hpp(162): warning C4100: 'timestamp': unreferenced formal parameter
c:\program files (x86)\microsoft visual studio 14.0\vc\include\myo\cxx\devicelistener.hpp(162): warning C4100: 'myo': unreferenced formal parameter
c:\program files (x86)\microsoft visual studio 14.0\vc\include\myo\cxx\devicelistener.hpp(172): warning C4100: 'level': unreferenced formal parameter
c:\program files (x86)\microsoft visual studio 14.0\vc\include\myo\cxx\devicelistener.hpp(172): warning C4100: 'timestamp': unreferenced formal parameter
c:\program files (x86)\microsoft visual studio 14.0\vc\include\myo\cxx\devicelistener.hpp(172): warning C4100: 'myo': unreferenced formal parameter
c:\program files (x86)\microsoft visual studio 14.0\vc\include\myo\cxx\devicelistener.hpp(180): warning C4100: 'emg': unreferenced formal parameter
c:\program files (x86)\microsoft visual studio 14.0\vc\include\myo\cxx\devicelistener.hpp(180): warning C4100: 'timestamp': unreferenced formal parameter
c:\program files (x86)\microsoft visual studio 14.0\vc\include\myo\cxx\devicelistener.hpp(180): warning C4100: 'myo': unreferenced formal parameter
c:\program files (x86)\microsoft visual studio 14.0\vc\include\myo\cxx\devicelistener.hpp(188): warning C4100: 'warmupResult': unreferenced formal parameter
c:\program files (x86)\microsoft visual studio 14.0\vc\include\myo\cxx\devicelistener.hpp(188): warning C4100: 'timestamp': unreferenced formal parameter
c:\program files (x86)\microsoft visual studio 14.0\vc\include\myo\cxx\devicelistener.hpp(188): warning C4100: 'myo': unreferenced formal parameter
c:\program files (x86)\microsoft visual studio 14.0\vc\include\myo\cxx\devicelistener.hpp(192): warning C4100: 'event': unreferenced formal parameter
c:\program files (x86)\microsoft visual studio 14.0\vc\include\myo\cxx\detail\throwonerror.hpp(39): warning C4297: 'myo::ThrowOnError::~ThrowOnError': function assumed not to throw an exception but does
  c:\program files (x86)\microsoft visual studio 14.0\vc\include\myo\cxx\detail\throwonerror.hpp(39): note: destructor or deallocator has a (possibly implicit) non-throwing exception specification
c:\program files (x86)\microsoft visual studio 14.0\vc\include\myo\cxx\detail\throwonerror.hpp(45): warning C4297: 'myo::ThrowOnError::~ThrowOnError': function assumed not to throw an exception but does
  c:\program files (x86)\microsoft visual studio 14.0\vc\include\myo\cxx\detail\throwonerror.hpp(45): note: destructor or deallocator has a (possibly implicit) non-throwing exception specification
  MyoListener.cpp
c:\program files (x86)\microsoft visual studio 14.0\vc\include\myo\cxx\devicelistener.hpp(65): warning C4100: 'firmwareVersion': unreferenced formal parameter
c:\program files (x86)\microsoft visual studio 14.0\vc\include\myo\cxx\devicelistener.hpp(65): warning C4100: 'timestamp': unreferenced formal parameter
c:\program files (x86)\microsoft visual studio 14.0\vc\include\myo\cxx\devicelistener.hpp(65): warning C4100: 'myo': unreferenced formal parameter
c:\program files (x86)\microsoft visual studio 14.0\vc\include\myo\cxx\devicelistener.hpp(72): warning C4100: 'timestamp': unreferenced formal parameter
c:\program files (x86)\microsoft visual studio 14.0\vc\include\myo\cxx\devicelistener.hpp(72): warning C4100: 'myo': unreferenced formal parameter
c:\program files (x86)\microsoft visual studio 14.0\vc\include\myo\cxx\devicelistener.hpp(80): warning C4100: 'firmwareVersion': unreferenced formal parameter
c:\program files (x86)\microsoft visual studio 14.0\vc\include\myo\cxx\devicelistener.hpp(80): warning C4100: 'timestamp': unreferenced formal parameter
c:\program files (x86)\microsoft visual studio 14.0\vc\include\myo\cxx\devicelistener.hpp(80): warning C4100: 'myo': unreferenced formal parameter
c:\program files (x86)\microsoft visual studio 14.0\vc\include\myo\cxx\devicelistener.hpp(87): warning C4100: 'timestamp': unreferenced formal parameter
c:\program files (x86)\microsoft visual studio 14.0\vc\include\myo\cxx\devicelistener.hpp(87): warning C4100: 'myo': unreferenced formal parameter
c:\program files (x86)\microsoft visual studio 14.0\vc\include\myo\cxx\devicelistener.hpp(100): warning C4100: 'warmupState': unreferenced formal parameter
c:\program files (x86)\microsoft visual studio 14.0\vc\include\myo\cxx\devicelistener.hpp(99): warning C4100: 'rotation': unreferenced formal parameter
c:\program files (x86)\microsoft visual studio 14.0\vc\include\myo\cxx\devicelistener.hpp(99): warning C4100: 'xDirection': unreferenced formal parameter
c:\program files (x86)\microsoft visual studio 14.0\vc\include\myo\cxx\devicelistener.hpp(99): warning C4100: 'arm': unreferenced formal parameter
c:\program files (x86)\microsoft visual studio 14.0\vc\include\myo\cxx\devicelistener.hpp(99): warning C4100: 'timestamp': unreferenced formal parameter
c:\program files (x86)\microsoft visual studio 14.0\vc\include\myo\cxx\devicelistener.hpp(99): warning C4100: 'myo': unreferenced formal parameter
c:\program files (x86)\microsoft visual studio 14.0\vc\include\myo\cxx\devicelistener.hpp(107): warning C4100: 'timestamp': unreferenced formal parameter
c:\program files (x86)\microsoft visual studio 14.0\vc\include\myo\cxx\devicelistener.hpp(107): warning C4100: 'myo': unreferenced formal parameter
c:\program files (x86)\microsoft visual studio 14.0\vc\include\myo\cxx\devicelistener.hpp(114): warning C4100: 'timestamp': unreferenced formal parameter
c:\program files (x86)\microsoft visual studio 14.0\vc\include\myo\cxx\devicelistener.hpp(114): warning C4100: 'myo': unreferenced formal parameter
c:\program files (x86)\microsoft visual studio 14.0\vc\include\myo\cxx\devicelistener.hpp(121): warning C4100: 'timestamp': unreferenced formal parameter
c:\program files (x86)\microsoft visual studio 14.0\vc\include\myo\cxx\devicelistener.hpp(121): warning C4100: 'myo': unreferenced formal parameter
c:\program files (x86)\microsoft visual studio 14.0\vc\include\myo\cxx\devicelistener.hpp(129): warning C4100: 'pose': unreferenced formal parameter
c:\program files (x86)\microsoft visual studio 14.0\vc\include\myo\cxx\devicelistener.hpp(129): warning C4100: 'timestamp': unreferenced formal parameter
c:\program files (x86)\microsoft visual studio 14.0\vc\include\myo\cxx\devicelistener.hpp(129): warning C4100: 'myo': unreferenced formal parameter
c:\program files (x86)\microsoft visual studio 14.0\vc\include\myo\cxx\devicelistener.hpp(137): warning C4100: 'rotation': unreferenced formal parameter
c:\program files (x86)\microsoft visual studio 14.0\vc\include\myo\cxx\devicelistener.hpp(137): warning C4100: 'timestamp': unreferenced formal parameter
c:\program files (x86)\microsoft visual studio 14.0\vc\include\myo\cxx\devicelistener.hpp(137): warning C4100: 'myo': unreferenced formal parameter
c:\program files (x86)\microsoft visual studio 14.0\vc\include\myo\cxx\devicelistener.hpp(145): warning C4100: 'accel': unreferenced formal parameter
c:\program files (x86)\microsoft visual studio 14.0\vc\include\myo\cxx\devicelistener.hpp(145): warning C4100: 'timestamp': unreferenced formal parameter
c:\program files (x86)\microsoft visual studio 14.0\vc\include\myo\cxx\devicelistener.hpp(145): warning C4100: 'myo': unreferenced formal parameter
c:\program files (x86)\microsoft visual studio 14.0\vc\include\myo\cxx\devicelistener.hpp(153): warning C4100: 'gyro': unreferenced formal parameter
c:\program files (x86)\microsoft visual studio 14.0\vc\include\myo\cxx\devicelistener.hpp(153): warning C4100: 'timestamp': unreferenced formal parameter
c:\program files (x86)\microsoft visual studio 14.0\vc\include\myo\cxx\devicelistener.hpp(153): warning C4100: 'myo': unreferenced formal parameter
c:\program files (x86)\microsoft visual studio 14.0\vc\include\myo\cxx\devicelistener.hpp(162): warning C4100: 'rssi': unreferenced formal parameter
c:\program files (x86)\microsoft visual studio 14.0\vc\include\myo\cxx\devicelistener.hpp(162): warning C4100: 'timestamp': unreferenced formal parameter
c:\program files (x86)\microsoft visual studio 14.0\vc\include\myo\cxx\devicelistener.hpp(162): warning C4100: 'myo': unreferenced formal parameter
c:\program files (x86)\microsoft visual studio 14.0\vc\include\myo\cxx\devicelistener.hpp(172): warning C4100: 'level': unreferenced formal parameter
c:\program files (x86)\microsoft visual studio 14.0\vc\include\myo\cxx\devicelistener.hpp(172): warning C4100: 'timestamp': unreferenced formal parameter
c:\program files (x86)\microsoft visual studio 14.0\vc\include\myo\cxx\devicelistener.hpp(172): warning C4100: 'myo': unreferenced formal parameter
c:\program files (x86)\microsoft visual studio 14.0\vc\include\myo\cxx\devicelistener.hpp(180): warning C4100: 'emg': unreferenced formal parameter
c:\program files (x86)\microsoft visual studio 14.0\vc\include\myo\cxx\devicelistener.hpp(180): warning C4100: 'timestamp': unreferenced formal parameter
c:\program files (x86)\microsoft visual studio 14.0\vc\include\myo\cxx\devicelistener.hpp(180): warning C4100: 'myo': unreferenced formal parameter
c:\program files (x86)\microsoft visual studio 14.0\vc\include\myo\cxx\devicelistener.hpp(188): warning C4100: 'warmupResult': unreferenced formal parameter
c:\program files (x86)\microsoft visual studio 14.0\vc\include\myo\cxx\devicelistener.hpp(188): warning C4100: 'timestamp': unreferenced formal parameter
c:\program files (x86)\microsoft visual studio 14.0\vc\include\myo\cxx\devicelistener.hpp(188): warning C4100: 'myo': unreferenced formal parameter
c:\program files (x86)\microsoft visual studio 14.0\vc\include\myo\cxx\devicelistener.hpp(192): warning C4100: 'event': unreferenced formal parameter
c:\program files (x86)\microsoft visual studio 14.0\vc\include\myo\cxx\detail\throwonerror.hpp(39): warning C4297: 'myo::ThrowOnError::~ThrowOnError': function assumed not to throw an exception but does
  c:\program files (x86)\microsoft visual studio 14.0\vc\include\myo\cxx\detail\throwonerror.hpp(39): note: destructor or deallocator has a (possibly implicit) non-throwing exception specification
c:\program files (x86)\microsoft visual studio 14.0\vc\include\myo\cxx\detail\throwonerror.hpp(45): warning C4297: 'myo::ThrowOnError::~ThrowOnError': function assumed not to throw an exception but does
  c:\program files (x86)\microsoft visual studio 14.0\vc\include\myo\cxx\detail\throwonerror.hpp(45): note: destructor or deallocator has a (possibly implicit) non-throwing exception specification
\\vmware-host\shared folders\myomapper\myo mapper\source\myolistener.cpp(27): warning C4100: 'firmwareVersion': unreferenced formal parameter
\\vmware-host\shared folders\myomapper\myo mapper\source\myolistener.cpp(27): warning C4100: 'timestamp': unreferenced formal parameter
\\vmware-host\shared folders\myomapper\myo mapper\source\myolistener.cpp(36): warning C4100: 'timestamp': unreferenced formal parameter
\\vmware-host\shared folders\myomapper\myo mapper\source\myolistener.cpp(36): warning C4100: 'myo': unreferenced formal parameter
\\vmware-host\shared folders\myomapper\myo mapper\source\myolistener.cpp(50): warning C4100: 'firmwareVersion': unreferenced formal parameter
\\vmware-host\shared folders\myomapper\myo mapper\source\myolistener.cpp(50): warning C4100: 'timestamp': unreferenced formal parameter
\\vmware-host\shared folders\myomapper\myo mapper\source\myolistener.cpp(71): warning C4100: 'timestamp': unreferenced formal parameter
\\vmware-host\shared folders\myomapper\myo mapper\source\myolistener.cpp(105): warning C4244: '=': conversion from 'double' to 'float', possible loss of data
\\vmware-host\shared folders\myomapper\myo mapper\source\myolistener.cpp(106): warning C4244: '=': conversion from 'double' to 'float', possible loss of data
\\vmware-host\shared folders\myomapper\myo mapper\source\myolistener.cpp(107): warning C4244: '=': conversion from 'double' to 'float', possible loss of data
\\vmware-host\shared folders\myomapper\myo mapper\source\myolistener.cpp(96): warning C4100: 'timestamp': unreferenced formal parameter
\\vmware-host\shared folders\myomapper\myo mapper\source\myolistener.cpp(126): warning C4244: '=': conversion from 'double' to 'float', possible loss of data
\\vmware-host\shared folders\myomapper\myo mapper\source\myolistener.cpp(127): warning C4244: '=': conversion from 'double' to 'float', possible loss of data
\\vmware-host\shared folders\myomapper\myo mapper\source\myolistener.cpp(128): warning C4244: '=': conversion from 'double' to 'float', possible loss of data
\\vmware-host\shared folders\myomapper\myo mapper\source\myolistener.cpp(116): warning C4100: 'timestamp': unreferenced formal parameter
\\vmware-host\shared folders\myomapper\myo mapper\source\myolistener.cpp(139): warning C4100: 'timestamp': unreferenced formal parameter
\\vmware-host\shared folders\myomapper\myo mapper\source\myolistener.cpp(160): warning C4100: 'warmupState': unreferenced formal parameter
\\vmware-host\shared folders\myomapper\myo mapper\source\myolistener.cpp(159): warning C4100: 'rotation': unreferenced formal parameter
\\vmware-host\shared folders\myomapper\myo mapper\source\myolistener.cpp(159): warning C4100: 'xDirection': unreferenced formal parameter
\\vmware-host\shared folders\myomapper\myo mapper\source\myolistener.cpp(159): warning C4100: 'timestamp': unreferenced formal parameter
\\vmware-host\shared folders\myomapper\myo mapper\source\myolistener.cpp(159): warning C4100: 'myo': unreferenced formal parameter
\\vmware-host\shared folders\myomapper\myo mapper\source\myolistener.cpp(176): warning C4244: '=': conversion from 'double' to 'float', possible loss of data
\\vmware-host\shared folders\myomapper\myo mapper\source\myolistener.cpp(177): warning C4244: '=': conversion from 'double' to 'float', possible loss of data
\\vmware-host\shared folders\myomapper\myo mapper\source\myolistener.cpp(181): warning C4244: '=': conversion from 'double' to 'float', possible loss of data
\\vmware-host\shared folders\myomapper\myo mapper\source\myolistener.cpp(166): warning C4100: 'timestamp': unreferenced formal parameter
\\vmware-host\shared folders\myomapper\myo mapper\source\myolistener.cpp(190): warning C4100: 'timestamp': unreferenced formal parameter
\\vmware-host\shared folders\myomapper\myo mapper\source\myolistener.cpp(190): warning C4100: 'myo': unreferenced formal parameter
\\vmware-host\shared folders\myomapper\myo mapper\source\myolistener.cpp(196): warning C4100: 'timestamp': unreferenced formal parameter
\\vmware-host\shared folders\myomapper\myo mapper\source\myolistener.cpp(196): warning C4100: 'myo': unreferenced formal parameter
\\vmware-host\shared folders\myomapper\myo mapper\source\myolistener.cpp(202): warning C4100: 'timestamp': unreferenced formal parameter
\\vmware-host\shared folders\myomapper\myo mapper\source\myolistener.cpp(202): warning C4100: 'myo': unreferenced formal parameter
  orientation.cpp
\\vmware-host\shared folders\myomapper\myo mapper\source\orientation.cpp(21): warning C4244: 'argument': conversion from 'int' to 'float', possible loss of data
\\vmware-host\shared folders\myomapper\myo mapper\source\orientation.cpp(23): warning C4244: 'argument': conversion from 'double' to 'float', possible loss of data
\\vmware-host\shared folders\myomapper\myo mapper\source\orientation.cpp(29): warning C4244: 'argument': conversion from 'double' to 'int', possible loss of data
\\vmware-host\shared folders\myomapper\myo mapper\source\orientation.cpp(72): warning C4100: 'ReverseStatus': unreferenced formal parameter
\\vmware-host\shared folders\myomapper\myo mapper\source\orientation.cpp(72): warning C4100: 'Value': unreferenced formal parameter
  rescale.cpp
\\vmware-host\shared folders\myomapper\myo mapper\source\rescale.cpp(86): warning C4244: 'argument': conversion from 'int' to 'float', possible loss of data
\\vmware-host\shared folders\myomapper\myo mapper\source\rescale.cpp(88): warning C4244: 'argument': conversion from 'double' to 'float', possible loss of data
\\vmware-host\shared folders\myomapper\myo mapper\source\rescale.cpp(94): warning C4244: 'argument': conversion from 'double' to 'int', possible loss of data
\\vmware-host\shared folders\myomapper\myo mapper\source\rescale.cpp(95): warning C4244: 'argument': conversion from 'double' to 'int', possible loss of data
\\vmware-host\shared folders\myomapper\myo mapper\source\rescale.cpp(96): warning C4244: 'argument': conversion from 'double' to 'int', possible loss of data
\\vmware-host\shared folders\myomapper\myo mapper\source\rescale.cpp(97): warning C4244: 'argument': conversion from 'double' to 'int', possible loss of data
\\vmware-host\shared folders\myomapper\myo mapper\source\rescale.cpp(98): warning C4244: 'argument': conversion from 'double' to 'int', possible loss of data
\\vmware-host\shared folders\myomapper\myo mapper\source\rescale.cpp(100): warning C4244: 'argument': conversion from 'double' to 'int', possible loss of data
\\vmware-host\shared folders\myomapper\myo mapper\source\rescale.cpp(115): warning C4244: '=': conversion from 'double' to 'float', possible loss of data
\\vmware-host\shared folders\myomapper\myo mapper\source\rescale.cpp(116): warning C4244: '=': conversion from 'double' to 'float', possible loss of data
\\vmware-host\shared folders\myomapper\myo mapper\source\rescale.cpp(123): warning C4244: '=': conversion from 'double' to 'float', possible loss of data
\\vmware-host\shared folders\myomapper\myo mapper\source\rescale.cpp(129): warning C4244: '=': conversion from 'double' to 'float', possible loss of data
\\vmware-host\shared folders\myomapper\myo mapper\source\rescale.cpp(135): warning C4244: '=': conversion from 'double' to 'float', possible loss of data
\\vmware-host\shared folders\myomapper\myo mapper\source\rescale.cpp(140): warning C4244: '=': conversion from 'double' to 'float', possible loss of data
\\vmware-host\shared folders\myomapper\myo mapper\source\rescale.cpp(182): warning C4244: '=': conversion from 'long double' to 'float', possible loss of data
\\vmware-host\shared folders\myomapper\myo mapper\source\rescale.cpp(196): warning C4244: '=': conversion from 'double' to 'float', possible loss of data
  waveformLength.cpp
  BinaryData.cpp
  juce_core.cpp
  juce_data_structures.cpp
  juce_events.cpp
  juce_graphics.cpp
  juce_gui_basics.cpp
  juce_gui_extra.cpp
  Generating Code...
\\vmware-host\shared folders\myomapper\myo mapper\source\settings.cpp(127): warning C4702: unreachable code
\\vmware-host\shared folders\myomapper\myo mapper\source\settings.cpp(121): warning C4702: unreachable code
\\vmware-host\shared folders\myomapper\myo mapper\source\settings.cpp(115): warning C4702: unreachable code
  Compiling...
  juce_opengl.cpp
  juce_osc.cpp
c:\program files\juce\modules\juce_osc\osc\juce_oscreceiver.cpp(228): warning C4244: 'initializing': conversion from 'juce::uint64' to 'std::size_t', possible loss of data
c:\program files\juce\modules\juce_osc\osc\juce_oscreceiver.cpp(234): warning C4244: 'initializing': conversion from 'juce::uint64' to 'std::size_t', possible loss of data
c:\program files\juce\modules\juce_osc\osc\juce_oscreceiver.cpp(234): warning C4244: 'initializing': conversion from 'juce::uint64' to 'const std::size_t', possible loss of data
  Generating Code...
  Myo Mapper.vcxproj -> \\vmware-host\Shared Folders\MyoMapper\Myo Mapper\Builds\VisualStudio2015\Debug\Myo Mapper.exe
  Myo Mapper.vcxproj -> Debug\\Myo Mapper.pdb (Full PDB)
