z:\myomapper\myo mapper\builds\visualstudio2015\debug\vc140.pdb
z:\myomapper\myo mapper\builds\visualstudio2015\debug\vc140.idb
z:\myomapper\myo mapper\builds\visualstudio2015\debug\juce_gui_extra.obj
z:\myomapper\myo mapper\builds\visualstudio2015\debug\juce_gui_basics.obj
z:\myomapper\myo mapper\builds\visualstudio2015\debug\juce_graphics.obj
z:\myomapper\myo mapper\builds\visualstudio2015\debug\juce_events.obj
z:\myomapper\myo mapper\builds\visualstudio2015\debug\juce_data_structures.obj
z:\myomapper\myo mapper\builds\visualstudio2015\debug\juce_core.obj
z:\myomapper\myo mapper\builds\visualstudio2015\debug\binarydata.obj
z:\myomapper\myo mapper\builds\visualstudio2015\debug\waveformlength.obj
z:\myomapper\myo mapper\builds\visualstudio2015\debug\rescale.obj
z:\myomapper\myo mapper\builds\visualstudio2015\debug\orientation.obj
z:\myomapper\myo mapper\builds\visualstudio2015\debug\myolistener.obj
z:\myomapper\myo mapper\builds\visualstudio2015\debug\myomanager.obj
z:\myomapper\myo mapper\builds\visualstudio2015\debug\maincomponent.obj
z:\myomapper\myo mapper\builds\visualstudio2015\debug\main.obj
z:\myomapper\myo mapper\builds\visualstudio2015\debug\pose.obj
z:\myomapper\myo mapper\builds\visualstudio2015\debug\settings.obj
z:\myomapper\myo mapper\builds\visualstudio2015\debug\osc.obj
z:\myomapper\myo mapper\builds\visualstudio2015\debug\aboutwindow.obj
z:\myomapper\myo mapper\builds\visualstudio2015\debug\helpwindow.obj
z:\myomapper\myo mapper\builds\visualstudio2015\debug\aboutwindowcontent.obj
z:\myomapper\myo mapper\builds\visualstudio2015\debug\juce_osc.obj
z:\myomapper\myo mapper\builds\visualstudio2015\debug\juce_opengl.obj
z:\myomapper\myo mapper\builds\visualstudio2015\debug\myo mapper.ilk
z:\myomapper\myo mapper\builds\visualstudio2015\debug\myo mapper.exe
z:\myomapper\myo mapper\builds\visualstudio2015\debug\myo mapper.pdb
z:\myomapper\myo mapper\builds\visualstudio2015\debug\resources.res
z:\myomapper\myo mapper\builds\visualstudio2015\debug\myo mapper.tlog\cl.command.1.tlog
z:\myomapper\myo mapper\builds\visualstudio2015\debug\myo mapper.tlog\cl.read.1.tlog
z:\myomapper\myo mapper\builds\visualstudio2015\debug\myo mapper.tlog\cl.write.1.tlog
z:\myomapper\myo mapper\builds\visualstudio2015\debug\myo mapper.tlog\link.command.1.tlog
z:\myomapper\myo mapper\builds\visualstudio2015\debug\myo mapper.tlog\link.read.1.tlog
z:\myomapper\myo mapper\builds\visualstudio2015\debug\myo mapper.tlog\link.write.1.tlog
z:\myomapper\myo mapper\builds\visualstudio2015\debug\myo mapper.tlog\rc.command.1.tlog
z:\myomapper\myo mapper\builds\visualstudio2015\debug\myo mapper.tlog\rc.read.1.tlog
z:\myomapper\myo mapper\builds\visualstudio2015\debug\myo mapper.tlog\rc.write.1.tlog
