\\vmware-host\shared folders\myomapper\myo mapper\builds\visualstudio2015\debug\vc140.pdb
\\vmware-host\shared folders\myomapper\myo mapper\builds\visualstudio2015\debug\vc140.idb
\\vmware-host\shared folders\myomapper\myo mapper\builds\visualstudio2015\debug\juce_gui_extra.obj
\\vmware-host\shared folders\myomapper\myo mapper\builds\visualstudio2015\debug\juce_gui_basics.obj
\\vmware-host\shared folders\myomapper\myo mapper\builds\visualstudio2015\debug\juce_graphics.obj
\\vmware-host\shared folders\myomapper\myo mapper\builds\visualstudio2015\debug\juce_events.obj
\\vmware-host\shared folders\myomapper\myo mapper\builds\visualstudio2015\debug\juce_data_structures.obj
\\vmware-host\shared folders\myomapper\myo mapper\builds\visualstudio2015\debug\juce_core.obj
\\vmware-host\shared folders\myomapper\myo mapper\builds\visualstudio2015\debug\binarydata.obj
\\vmware-host\shared folders\myomapper\myo mapper\builds\visualstudio2015\debug\waveformlength.obj
\\vmware-host\shared folders\myomapper\myo mapper\builds\visualstudio2015\debug\rescale.obj
\\vmware-host\shared folders\myomapper\myo mapper\builds\visualstudio2015\debug\orientation.obj
\\vmware-host\shared folders\myomapper\myo mapper\builds\visualstudio2015\debug\myolistener.obj
\\vmware-host\shared folders\myomapper\myo mapper\builds\visualstudio2015\debug\myomanager.obj
\\vmware-host\shared folders\myomapper\myo mapper\builds\visualstudio2015\debug\maincomponent.obj
\\vmware-host\shared folders\myomapper\myo mapper\builds\visualstudio2015\debug\main.obj
\\vmware-host\shared folders\myomapper\myo mapper\builds\visualstudio2015\debug\pose.obj
\\vmware-host\shared folders\myomapper\myo mapper\builds\visualstudio2015\debug\settings.obj
\\vmware-host\shared folders\myomapper\myo mapper\builds\visualstudio2015\debug\osc.obj
\\vmware-host\shared folders\myomapper\myo mapper\builds\visualstudio2015\debug\aboutwindow.obj
\\vmware-host\shared folders\myomapper\myo mapper\builds\visualstudio2015\debug\helpwindow.obj
\\vmware-host\shared folders\myomapper\myo mapper\builds\visualstudio2015\debug\aboutwindowcontent.obj
\\vmware-host\shared folders\myomapper\myo mapper\builds\visualstudio2015\debug\juce_osc.obj
\\vmware-host\shared folders\myomapper\myo mapper\builds\visualstudio2015\debug\juce_opengl.obj
\\vmware-host\shared folders\myomapper\myo mapper\builds\visualstudio2015\debug\myo mapper.ilk
\\vmware-host\shared folders\myomapper\myo mapper\builds\visualstudio2015\debug\myo mapper.exe
\\vmware-host\shared folders\myomapper\myo mapper\builds\visualstudio2015\debug\myo mapper.pdb
\\vmware-host\shared folders\myomapper\myo mapper\builds\visualstudio2015\debug\resources.res
\\vmware-host\shared folders\myomapper\myo mapper\builds\visualstudio2015\debug\myo mapper.tlog\cl.command.1.tlog
\\vmware-host\shared folders\myomapper\myo mapper\builds\visualstudio2015\debug\myo mapper.tlog\cl.read.1.tlog
\\vmware-host\shared folders\myomapper\myo mapper\builds\visualstudio2015\debug\myo mapper.tlog\cl.write.1.tlog
\\vmware-host\shared folders\myomapper\myo mapper\builds\visualstudio2015\debug\myo mapper.tlog\link.command.1.tlog
\\vmware-host\shared folders\myomapper\myo mapper\builds\visualstudio2015\debug\myo mapper.tlog\link.read.1.tlog
\\vmware-host\shared folders\myomapper\myo mapper\builds\visualstudio2015\debug\myo mapper.tlog\link.write.1.tlog
\\vmware-host\shared folders\myomapper\myo mapper\builds\visualstudio2015\debug\myo mapper.tlog\rc.command.1.tlog
\\vmware-host\shared folders\myomapper\myo mapper\builds\visualstudio2015\debug\myo mapper.tlog\rc.read.1.tlog
\\vmware-host\shared folders\myomapper\myo mapper\builds\visualstudio2015\debug\myo mapper.tlog\rc.write.1.tlog
